<?xml version="1.0" encoding="UTF-8"?>
<coverage generated="1778695918952" clover="3.2.0">
  <project timestamp="1778695918952" name="All files">
    <metrics statements="151" coveredstatements="149" conditionals="108" coveredconditionals="88" methods="42" coveredmethods="40" elements="301" coveredelements="277" complexity="0" loc="151" ncloc="151" packages="1" files="6" classes="6"/>
    <file name="bracket.js" path="/media/seyacat/34DB216E254FA38A/oraculo/OraculoMundialista/frontend/src/lib/worldcup/bracket.js">
      <metrics statements="48" coveredstatements="46" conditionals="48" coveredconditionals="35" methods="18" coveredmethods="16"/>
      <line num="63" count="1" type="stmt"/>
      <line num="121" count="1920" type="stmt"/>
      <line num="122" count="1920" type="cond" truecount="3" falsecount="1"/>
      <line num="125" count="1560" type="stmt"/>
      <line num="126" count="1560" type="cond" truecount="3" falsecount="1"/>
      <line num="129" count="1200" type="stmt"/>
      <line num="130" count="1200" type="cond" truecount="2" falsecount="0"/>
      <line num="131" count="240" type="stmt"/>
      <line num="132" count="240" type="cond" truecount="1" falsecount="1"/>
      <line num="136" count="960" type="stmt"/>
      <line num="145" count="960" type="stmt"/>
      <line num="167" count="196" type="stmt"/>
      <line num="168" count="196" type="stmt"/>
      <line num="169" count="6272" type="stmt"/>
      <line num="171" count="196" type="stmt"/>
      <line num="176" count="0" type="cond" truecount="1" falsecount="1"/>
      <line num="177" count="0" type="cond" truecount="1" falsecount="1"/>
      <line num="200" count="30" type="stmt"/>
      <line num="201" count="960" type="stmt"/>
      <line num="203" count="960" type="stmt"/>
      <line num="204" count="960" type="stmt"/>
      <line num="205" count="960" type="stmt"/>
      <line num="208" count="30" type="stmt"/>
      <line num="228" count="167" type="stmt"/>
      <line num="229" count="5344" type="stmt"/>
      <line num="231" count="167" type="stmt"/>
      <line num="232" count="167" type="cond" truecount="2" falsecount="0"/>
      <line num="235" count="166" type="stmt"/>
      <line num="236" count="166" type="stmt"/>
      <line num="239" count="166" type="cond" truecount="2" falsecount="0"/>
      <line num="240" count="162" type="stmt"/>
      <line num="241" count="162" type="cond" truecount="1" falsecount="1"/>
      <line num="242" count="162" type="cond" truecount="2" falsecount="0"/>
      <line num="243" count="78" type="cond" truecount="1" falsecount="1"/>
      <line num="248" count="166" type="cond" truecount="2" falsecount="0"/>
      <line num="249" count="10" type="stmt"/>
      <line num="250" count="10" type="cond" truecount="1" falsecount="1"/>
      <line num="251" count="10" type="cond" truecount="2" falsecount="0"/>
      <line num="252" count="5" type="cond" truecount="1" falsecount="1"/>
      <line num="256" count="166" type="stmt"/>
      <line num="274" count="2" type="stmt"/>
      <line num="275" count="4" type="stmt"/>
      <line num="288" count="338" type="stmt"/>
      <line num="306" count="2684" type="cond" truecount="2" falsecount="0"/>
      <line num="317" count="7" type="cond" truecount="2" falsecount="0"/>
      <line num="327" count="5" type="stmt"/>
      <line num="328" count="160" type="stmt"/>
      <line num="329" count="80" type="stmt"/>
    </file>
    <file name="data.js" path="/media/seyacat/34DB216E254FA38A/oraculo/OraculoMundialista/frontend/src/lib/worldcup/data.js">
      <metrics statements="15" coveredstatements="15" conditionals="2" coveredconditionals="2" methods="5" coveredmethods="5"/>
      <line num="23" count="3" type="stmt"/>
      <line num="90" count="144" type="stmt"/>
      <line num="98" count="146" type="stmt"/>
      <line num="99" count="146" type="cond" truecount="2" falsecount="0"/>
      <line num="100" count="145" type="stmt"/>
      <line num="121" count="3" type="stmt"/>
      <line num="173" count="36" type="stmt"/>
      <line num="184" count="42" type="stmt"/>
      <line num="186" count="42" type="stmt"/>
      <line num="187" count="42" type="stmt"/>
      <line num="189" count="42" type="stmt"/>
      <line num="190" count="126" type="stmt"/>
      <line num="191" count="252" type="stmt"/>
      <line num="203" count="42" type="stmt"/>
      <line num="211" count="3" type="stmt"/>
    </file>
    <file name="index.js" path="/media/seyacat/34DB216E254FA38A/oraculo/OraculoMundialista/frontend/src/lib/worldcup/index.js">
      <metrics statements="0" coveredstatements="0" conditionals="0" coveredconditionals="0" methods="0" coveredmethods="0"/>
    </file>
    <file name="qualifiers.js" path="/media/seyacat/34DB216E254FA38A/oraculo/OraculoMundialista/frontend/src/lib/worldcup/qualifiers.js">
      <metrics statements="25" coveredstatements="25" conditionals="8" coveredconditionals="6" methods="8" coveredmethods="8"/>
      <line num="38" count="37152" type="cond" truecount="2" falsecount="0"/>
      <line num="50" count="613" type="stmt"/>
      <line num="51" count="613" type="stmt"/>
      <line num="54" count="613" type="cond" truecount="2" falsecount="0"/>
      <line num="56" count="612" type="cond" truecount="1" falsecount="1"/>
      <line num="58" count="612" type="cond" truecount="1" falsecount="1"/>
      <line num="61" count="612" type="stmt"/>
      <line num="88" count="43" type="stmt"/>
      <line num="90" count="43" type="stmt"/>
      <line num="92" count="43" type="stmt"/>
      <line num="94" count="43" type="stmt"/>
      <line num="95" count="516" type="stmt"/>
      <line num="96" count="516" type="stmt"/>
      <line num="99" count="516" type="stmt"/>
      <line num="100" count="516" type="stmt"/>
      <line num="102" count="516" type="stmt"/>
      <line num="110" count="43" type="stmt"/>
      <line num="111" count="43" type="stmt"/>
      <line num="113" count="43" type="stmt"/>
      <line num="124" count="4" type="stmt"/>
      <line num="125" count="4" type="stmt"/>
      <line num="126" count="4" type="stmt"/>
      <line num="127" count="48" type="stmt"/>
      <line num="128" count="48" type="stmt"/>
      <line num="129" count="32" type="stmt"/>
    </file>
    <file name="standings.js" path="/media/seyacat/34DB216E254FA38A/oraculo/OraculoMundialista/frontend/src/lib/worldcup/standings.js">
      <metrics statements="63" coveredstatements="63" conditionals="50" coveredconditionals="45" methods="11" coveredmethods="11"/>
      <line num="29" count="2112" type="stmt"/>
      <line num="49" count="3137" type="cond" truecount="4" falsecount="0"/>
      <line num="50" count="3135" type="cond" truecount="3" falsecount="1"/>
      <line num="52" count="3135" type="stmt"/>
      <line num="53" count="3135" type="stmt"/>
      <line num="54" count="3135" type="stmt"/>
      <line num="55" count="3135" type="cond" truecount="3" falsecount="1"/>
      <line num="57" count="3135" type="stmt"/>
      <line num="58" count="3135" type="stmt"/>
      <line num="59" count="3135" type="stmt"/>
      <line num="60" count="3135" type="stmt"/>
      <line num="61" count="3135" type="stmt"/>
      <line num="62" count="3135" type="stmt"/>
      <line num="64" count="3135" type="cond" truecount="2" falsecount="0"/>
      <line num="65" count="3115" type="stmt"/>
      <line num="66" count="3115" type="stmt"/>
      <line num="67" count="3115" type="stmt"/>
      <line num="68" count="20" type="cond" truecount="2" falsecount="0"/>
      <line num="69" count="3" type="stmt"/>
      <line num="70" count="3" type="stmt"/>
      <line num="71" count="3" type="stmt"/>
      <line num="73" count="17" type="stmt"/>
      <line num="74" count="17" type="stmt"/>
      <line num="75" count="17" type="stmt"/>
      <line num="76" count="17" type="stmt"/>
      <line num="79" count="3135" type="stmt"/>
      <line num="80" count="3135" type="stmt"/>
      <line num="93" count="30" type="stmt"/>
      <line num="94" count="30" type="stmt"/>
      <line num="95" count="30" type="stmt"/>
      <line num="96" count="30" type="stmt"/>
      <line num="98" count="30" type="stmt"/>
      <line num="99" count="84" type="cond" truecount="3" falsecount="1"/>
      <line num="101" count="84" type="stmt"/>
      <line num="102" count="84" type="stmt"/>
      <line num="103" count="84" type="cond" truecount="4" falsecount="0"/>
      <line num="105" count="42" type="cond" truecount="2" falsecount="0"/>
      <line num="106" count="84" type="cond" truecount="4" falsecount="0"/>
      <line num="108" count="12" type="stmt"/>
      <line num="109" count="12" type="cond" truecount="2" falsecount="0"/>
      <line num="110" count="84" type="cond" truecount="2" falsecount="0"/>
      <line num="112" count="84" type="stmt"/>
      <line num="113" count="84" type="stmt"/>
      <line num="115" count="84" type="cond" truecount="2" falsecount="0"/>
      <line num="116" count="11" type="cond" truecount="2" falsecount="0"/>
      <line num="119" count="30" type="stmt"/>
      <line num="138" count="2112" type="stmt"/>
      <line num="140" count="528" type="stmt"/>
      <line num="141" count="3137" type="stmt"/>
      <line num="144" count="2112" type="stmt"/>
      <line num="163" count="524" type="stmt"/>
      <line num="164" count="2097" type="cond" truecount="2" falsecount="0"/>
      <line num="165" count="23" type="cond" truecount="2" falsecount="0"/>
      <line num="166" count="17" type="cond" truecount="2" falsecount="0"/>
      <line num="169" count="15" type="stmt"/>
      <line num="170" count="15" type="stmt"/>
      <line num="171" count="15" type="cond" truecount="2" falsecount="0"/>
      <line num="172" count="14" type="cond" truecount="1" falsecount="1"/>
      <line num="173" count="14" type="cond" truecount="1" falsecount="1"/>
      <line num="176" count="14" type="stmt"/>
      <line num="180" count="2096" type="stmt"/>
      <line num="200" count="524" type="stmt"/>
      <line num="201" count="524" type="stmt"/>
    </file>
    <file name="types.js" path="/media/seyacat/34DB216E254FA38A/oraculo/OraculoMundialista/frontend/src/lib/worldcup/types.js">
      <metrics statements="0" coveredstatements="0" conditionals="0" coveredconditionals="0" methods="0" coveredmethods="0"/>
    </file>
  </project>
</coverage>
