{"/media/seyacat/34DB216E254FA38A/oraculo/OraculoMundialista/frontend/src/lib/worldcup/bracket.js": {"path":"/media/seyacat/34DB216E254FA38A/oraculo/OraculoMundialista/frontend/src/lib/worldcup/bracket.js","statementMap":{"0":{"start":{"line":63,"column":20},"end":{"line":105,"column":null}},"1":{"start":{"line":121,"column":22},"end":{"line":121,"column":null}},"2":{"start":{"line":122,"column":2},"end":{"line":122,"column":null}},"3":{"start":{"line":122,"column":19},"end":{"line":122,"column":null}},"4":{"start":{"line":125,"column":22},"end":{"line":125,"column":null}},"5":{"start":{"line":126,"column":2},"end":{"line":126,"column":null}},"6":{"start":{"line":126,"column":19},"end":{"line":126,"column":null}},"7":{"start":{"line":129,"column":21},"end":{"line":129,"column":null}},"8":{"start":{"line":130,"column":2},"end":{"line":133,"column":null}},"9":{"start":{"line":131,"column":16},"end":{"line":131,"column":null}},"10":{"start":{"line":132,"column":4},"end":{"line":132,"column":null}},"11":{"start":{"line":136,"column":2},"end":{"line":136,"column":null}},"12":{"start":{"line":145,"column":2},"end":{"line":157,"column":null}},"13":{"start":{"line":167,"column":18},"end":{"line":167,"column":null}},"14":{"start":{"line":168,"column":2},"end":{"line":170,"column":null}},"15":{"start":{"line":169,"column":5},"end":{"line":169,"column":null}},"16":{"start":{"line":171,"column":2},"end":{"line":178,"column":null}},"17":{"start":{"line":176,"column":78},"end":{"line":176,"column":94}},"18":{"start":{"line":177,"column":78},"end":{"line":177,"column":94}},"19":{"start":{"line":200,"column":18},"end":{"line":206,"column":null}},"20":{"start":{"line":201,"column":17},"end":{"line":201,"column":null}},"21":{"start":{"line":203,"column":4},"end":{"line":203,"column":null}},"22":{"start":{"line":204,"column":4},"end":{"line":204,"column":null}},"23":{"start":{"line":205,"column":4},"end":{"line":205,"column":null}},"24":{"start":{"line":208,"column":2},"end":{"line":208,"column":null}},"25":{"start":{"line":228,"column":21},"end":{"line":228,"column":null}},"26":{"start":{"line":229,"column":19},"end":{"line":229,"column":null}},"27":{"start":{"line":229,"column":49},"end":{"line":229,"column":65}},"28":{"start":{"line":231,"column":16},"end":{"line":231,"column":null}},"29":{"start":{"line":232,"column":2},"end":{"line":232,"column":null}},"30":{"start":{"line":232,"column":14},"end":{"line":232,"column":null}},"31":{"start":{"line":235,"column":2},"end":{"line":235,"column":null}},"32":{"start":{"line":236,"column":2},"end":{"line":236,"column":null}},"33":{"start":{"line":239,"column":2},"end":{"line":245,"column":null}},"34":{"start":{"line":240,"column":17},"end":{"line":240,"column":null}},"35":{"start":{"line":241,"column":4},"end":{"line":244,"column":null}},"36":{"start":{"line":242,"column":6},"end":{"line":243,"column":null}},"37":{"start":{"line":242,"column":46},"end":{"line":242,"column":null}},"38":{"start":{"line":243,"column":11},"end":{"line":243,"column":null}},"39":{"start":{"line":243,"column":51},"end":{"line":243,"column":null}},"40":{"start":{"line":248,"column":2},"end":{"line":254,"column":null}},"41":{"start":{"line":249,"column":23},"end":{"line":249,"column":null}},"42":{"start":{"line":250,"column":4},"end":{"line":253,"column":null}},"43":{"start":{"line":251,"column":6},"end":{"line":252,"column":null}},"44":{"start":{"line":251,"column":52},"end":{"line":251,"column":null}},"45":{"start":{"line":252,"column":11},"end":{"line":252,"column":null}},"46":{"start":{"line":252,"column":57},"end":{"line":252,"column":null}},"47":{"start":{"line":256,"column":2},"end":{"line":256,"column":null}},"48":{"start":{"line":274,"column":2},"end":{"line":277,"column":null}},"49":{"start":{"line":275,"column":45},"end":{"line":275,"column":93}},"50":{"start":{"line":288,"column":2},"end":{"line":295,"column":null}},"51":{"start":{"line":306,"column":2},"end":{"line":306,"column":null}},"52":{"start":{"line":306,"column":45},"end":{"line":306,"column":61}},"53":{"start":{"line":317,"column":2},"end":{"line":317,"column":null}},"54":{"start":{"line":327,"column":2},"end":{"line":329,"column":null}},"55":{"start":{"line":328,"column":19},"end":{"line":328,"column":36}},"56":{"start":{"line":329,"column":46},"end":{"line":329,"column":76}}},"fnMap":{"0":{"name":"resolveInitialSource","decl":{"start":{"line":119,"column":9},"end":{"line":119,"column":29}},"loc":{"start":{"line":119,"column":50},"end":{"line":137,"column":null}},"line":119},"1":{"name":"emptyBracketMatch","decl":{"start":{"line":144,"column":9},"end":{"line":144,"column":26}},"loc":{"start":{"line":144,"column":32},"end":{"line":158,"column":null}},"line":144},"2":{"name":"groupByRound","decl":{"start":{"line":165,"column":9},"end":{"line":165,"column":21}},"loc":{"start":{"line":165,"column":31},"end":{"line":179,"column":null}},"line":165},"3":{"name":"(anonymous_3)","decl":{"start":{"line":176,"column":71},"end":{"line":176,"column":72}},"loc":{"start":{"line":176,"column":78},"end":{"line":176,"column":94}},"line":176},"4":{"name":"(anonymous_4)","decl":{"start":{"line":177,"column":71},"end":{"line":177,"column":72}},"loc":{"start":{"line":177,"column":78},"end":{"line":177,"column":94}},"line":177},"5":{"name":"initBracket","decl":{"start":{"line":199,"column":16},"end":{"line":199,"column":27}},"loc":{"start":{"line":199,"column":40},"end":{"line":209,"column":null}},"line":199},"6":{"name":"(anonymous_6)","decl":{"start":{"line":200,"column":34},"end":{"line":200,"column":35}},"loc":{"start":{"line":200,"column":43},"end":{"line":206,"column":3}},"line":200},"7":{"name":"propagateWinner","decl":{"start":{"line":226,"column":16},"end":{"line":226,"column":31}},"loc":{"start":{"line":226,"column":65},"end":{"line":257,"column":null}},"line":226},"8":{"name":"(anonymous_8)","decl":{"start":{"line":229,"column":42},"end":{"line":229,"column":43}},"loc":{"start":{"line":229,"column":49},"end":{"line":229,"column":65}},"line":229},"9":{"name":"computeBracket","decl":{"start":{"line":273,"column":16},"end":{"line":273,"column":30}},"loc":{"start":{"line":273,"column":49},"end":{"line":278,"column":null}},"line":273},"10":{"name":"(anonymous_10)","decl":{"start":{"line":275,"column":4},"end":{"line":275,"column":5}},"loc":{"start":{"line":275,"column":45},"end":{"line":275,"column":93}},"line":275},"11":{"name":"flattenBracket","decl":{"start":{"line":287,"column":16},"end":{"line":287,"column":30}},"loc":{"start":{"line":287,"column":40},"end":{"line":296,"column":null}},"line":287},"12":{"name":"getBracketMatch","decl":{"start":{"line":305,"column":16},"end":{"line":305,"column":31}},"loc":{"start":{"line":305,"column":50},"end":{"line":307,"column":null}},"line":305},"13":{"name":"(anonymous_13)","decl":{"start":{"line":306,"column":38},"end":{"line":306,"column":39}},"loc":{"start":{"line":306,"column":45},"end":{"line":306,"column":61}},"line":306},"14":{"name":"getChampion","decl":{"start":{"line":316,"column":16},"end":{"line":316,"column":27}},"loc":{"start":{"line":316,"column":37},"end":{"line":318,"column":null}},"line":316},"15":{"name":"getR32Pairings","decl":{"start":{"line":326,"column":16},"end":{"line":326,"column":30}},"loc":{"start":{"line":326,"column":33},"end":{"line":330,"column":null}},"line":326},"16":{"name":"(anonymous_16)","decl":{"start":{"line":328,"column":12},"end":{"line":328,"column":13}},"loc":{"start":{"line":328,"column":19},"end":{"line":328,"column":36}},"line":328},"17":{"name":"(anonymous_17)","decl":{"start":{"line":329,"column":9},"end":{"line":329,"column":10}},"loc":{"start":{"line":329,"column":46},"end":{"line":329,"column":76}},"line":329}},"branchMap":{"0":{"loc":{"start":{"line":122,"column":2},"end":{"line":122,"column":null}},"type":"if","locations":[{"start":{"line":122,"column":2},"end":{"line":122,"column":null}},{"start":{},"end":{}}],"line":122},"1":{"loc":{"start":{"line":122,"column":26},"end":{"line":122,"column":null}},"type":"binary-expr","locations":[{"start":{"line":122,"column":26},"end":{"line":122,"column":65}},{"start":{"line":122,"column":69},"end":{"line":122,"column":null}}],"line":122},"2":{"loc":{"start":{"line":126,"column":2},"end":{"line":126,"column":null}},"type":"if","locations":[{"start":{"line":126,"column":2},"end":{"line":126,"column":null}},{"start":{},"end":{}}],"line":126},"3":{"loc":{"start":{"line":126,"column":26},"end":{"line":126,"column":null}},"type":"binary-expr","locations":[{"start":{"line":126,"column":26},"end":{"line":126,"column":67}},{"start":{"line":126,"column":71},"end":{"line":126,"column":null}}],"line":126},"4":{"loc":{"start":{"line":130,"column":2},"end":{"line":133,"column":null}},"type":"if","locations":[{"start":{"line":130,"column":2},"end":{"line":133,"column":null}},{"start":{},"end":{}}],"line":130},"5":{"loc":{"start":{"line":132,"column":11},"end":{"line":132,"column":null}},"type":"binary-expr","locations":[{"start":{"line":132,"column":11},"end":{"line":132,"column":44}},{"start":{"line":132,"column":48},"end":{"line":132,"column":null}}],"line":132},"6":{"loc":{"start":{"line":156,"column":8},"end":{"line":156,"column":66}},"type":"cond-expr","locations":[{"start":{"line":156,"column":27},"end":{"line":156,"column":61}},{"start":{"line":156,"column":64},"end":{"line":156,"column":66}}],"line":156},"7":{"loc":{"start":{"line":172,"column":11},"end":{"line":172,"column":33}},"type":"binary-expr","locations":[{"start":{"line":172,"column":11},"end":{"line":172,"column":25}},{"start":{"line":172,"column":31},"end":{"line":172,"column":33}}],"line":172},"8":{"loc":{"start":{"line":173,"column":11},"end":{"line":173,"column":33}},"type":"binary-expr","locations":[{"start":{"line":173,"column":11},"end":{"line":173,"column":25}},{"start":{"line":173,"column":31},"end":{"line":173,"column":33}}],"line":173},"9":{"loc":{"start":{"line":174,"column":11},"end":{"line":174,"column":33}},"type":"binary-expr","locations":[{"start":{"line":174,"column":11},"end":{"line":174,"column":24}},{"start":{"line":174,"column":31},"end":{"line":174,"column":33}}],"line":174},"10":{"loc":{"start":{"line":175,"column":11},"end":{"line":175,"column":33}},"type":"binary-expr","locations":[{"start":{"line":175,"column":11},"end":{"line":175,"column":24}},{"start":{"line":175,"column":31},"end":{"line":175,"column":33}}],"line":175},"11":{"loc":{"start":{"line":176,"column":11},"end":{"line":176,"column":96}},"type":"binary-expr","locations":[{"start":{"line":176,"column":11},"end":{"line":176,"column":32}},{"start":{"line":176,"column":36},"end":{"line":176,"column":96}}],"line":176},"12":{"loc":{"start":{"line":177,"column":11},"end":{"line":177,"column":96}},"type":"binary-expr","locations":[{"start":{"line":177,"column":11},"end":{"line":177,"column":32}},{"start":{"line":177,"column":36},"end":{"line":177,"column":96}}],"line":177},"13":{"loc":{"start":{"line":232,"column":2},"end":{"line":232,"column":null}},"type":"if","locations":[{"start":{"line":232,"column":2},"end":{"line":232,"column":null}},{"start":{},"end":{}}],"line":232},"14":{"loc":{"start":{"line":239,"column":2},"end":{"line":245,"column":null}},"type":"if","locations":[{"start":{"line":239,"column":2},"end":{"line":245,"column":null}},{"start":{},"end":{}}],"line":239},"15":{"loc":{"start":{"line":241,"column":4},"end":{"line":244,"column":null}},"type":"if","locations":[{"start":{"line":241,"column":4},"end":{"line":244,"column":null}},{"start":{},"end":{}}],"line":241},"16":{"loc":{"start":{"line":242,"column":6},"end":{"line":243,"column":null}},"type":"if","locations":[{"start":{"line":242,"column":6},"end":{"line":243,"column":null}},{"start":{"line":243,"column":11},"end":{"line":243,"column":null}}],"line":242},"17":{"loc":{"start":{"line":243,"column":11},"end":{"line":243,"column":null}},"type":"if","locations":[{"start":{"line":243,"column":11},"end":{"line":243,"column":null}},{"start":{},"end":{}}],"line":243},"18":{"loc":{"start":{"line":248,"column":2},"end":{"line":254,"column":null}},"type":"if","locations":[{"start":{"line":248,"column":2},"end":{"line":254,"column":null}},{"start":{},"end":{}}],"line":248},"19":{"loc":{"start":{"line":250,"column":4},"end":{"line":253,"column":null}},"type":"if","locations":[{"start":{"line":250,"column":4},"end":{"line":253,"column":null}},{"start":{},"end":{}}],"line":250},"20":{"loc":{"start":{"line":251,"column":6},"end":{"line":252,"column":null}},"type":"if","locations":[{"start":{"line":251,"column":6},"end":{"line":252,"column":null}},{"start":{"line":252,"column":11},"end":{"line":252,"column":null}}],"line":251},"21":{"loc":{"start":{"line":252,"column":11},"end":{"line":252,"column":null}},"type":"if","locations":[{"start":{"line":252,"column":11},"end":{"line":252,"column":null}},{"start":{},"end":{}}],"line":252},"22":{"loc":{"start":{"line":306,"column":9},"end":{"line":306,"column":null}},"type":"binary-expr","locations":[{"start":{"line":306,"column":9},"end":{"line":306,"column":62}},{"start":{"line":306,"column":66},"end":{"line":306,"column":null}}],"line":306},"23":{"loc":{"start":{"line":317,"column":9},"end":{"line":317,"column":null}},"type":"binary-expr","locations":[{"start":{"line":317,"column":9},"end":{"line":317,"column":29}},{"start":{"line":317,"column":33},"end":{"line":317,"column":null}}],"line":317}},"s":{"0":1,"1":1920,"2":1920,"3":360,"4":1560,"5":1560,"6":360,"7":1200,"8":1200,"9":240,"10":240,"11":960,"12":960,"13":196,"14":196,"15":6272,"16":196,"17":0,"18":0,"19":30,"20":960,"21":960,"22":960,"23":960,"24":30,"25":167,"26":167,"27":5344,"28":167,"29":167,"30":1,"31":166,"32":166,"33":166,"34":162,"35":162,"36":162,"37":84,"38":78,"39":78,"40":166,"41":10,"42":10,"43":10,"44":5,"45":5,"46":5,"47":166,"48":2,"49":4,"50":338,"51":168,"52":2684,"53":7,"54":5,"55":160,"56":80},"f":{"0":1920,"1":960,"2":196,"3":0,"4":0,"5":30,"6":960,"7":167,"8":5344,"9":2,"10":4,"11":338,"12":168,"13":2684,"14":7,"15":5,"16":160,"17":80},"b":{"0":[360,1560],"1":[360,0],"2":[360,1200],"3":[360,0],"4":[240,960],"5":[240,0],"6":[60,900],"7":[196,0],"8":[196,0],"9":[196,0],"10":[196,0],"11":[196,0],"12":[196,0],"13":[1,166],"14":[162,4],"15":[162,0],"16":[84,78],"17":[78,0],"18":[10,156],"19":[10,0],"20":[5,5],"21":[5,0],"22":[168,1],"23":[7,2]},"meta":{"lastBranch":24,"lastFunction":18,"lastStatement":57,"seen":{"s:63:20:105:Infinity":0,"f:119:9:119:29":0,"s:121:22:121:Infinity":1,"b:122:2:122:Infinity:undefined:undefined:undefined:undefined":0,"s:122:2:122:Infinity":2,"s:122:19:122:Infinity":3,"b:122:26:122:65:122:69:122:Infinity":1,"s:125:22:125:Infinity":4,"b:126:2:126:Infinity:undefined:undefined:undefined:undefined":2,"s:126:2:126:Infinity":5,"s:126:19:126:Infinity":6,"b:126:26:126:67:126:71:126:Infinity":3,"s:129:21:129:Infinity":7,"b:130:2:133:Infinity:undefined:undefined:undefined:undefined":4,"s:130:2:133:Infinity":8,"s:131:16:131:Infinity":9,"s:132:4:132:Infinity":10,"b:132:11:132:44:132:48:132:Infinity":5,"s:136:2:136:Infinity":11,"f:144:9:144:26":1,"s:145:2:157:Infinity":12,"b:156:27:156:61:156:64:156:66":6,"f:165:9:165:21":2,"s:167:18:167:Infinity":13,"s:168:2:170:Infinity":14,"s:169:5:169:Infinity":15,"s:171:2:178:Infinity":16,"b:172:11:172:25:172:31:172:33":7,"b:173:11:173:25:173:31:173:33":8,"b:174:11:174:24:174:31:174:33":9,"b:175:11:175:24:175:31:175:33":10,"b:176:11:176:32:176:36:176:96":11,"f:176:71:176:72":3,"s:176:78:176:94":17,"b:177:11:177:32:177:36:177:96":12,"f:177:71:177:72":4,"s:177:78:177:94":18,"f:199:16:199:27":5,"s:200:18:206:Infinity":19,"f:200:34:200:35":6,"s:201:17:201:Infinity":20,"s:203:4:203:Infinity":21,"s:204:4:204:Infinity":22,"s:205:4:205:Infinity":23,"s:208:2:208:Infinity":24,"f:226:16:226:31":7,"s:228:21:228:Infinity":25,"s:229:19:229:Infinity":26,"f:229:42:229:43":8,"s:229:49:229:65":27,"s:231:16:231:Infinity":28,"b:232:2:232:Infinity:undefined:undefined:undefined:undefined":13,"s:232:2:232:Infinity":29,"s:232:14:232:Infinity":30,"s:235:2:235:Infinity":31,"s:236:2:236:Infinity":32,"b:239:2:245:Infinity:undefined:undefined:undefined:undefined":14,"s:239:2:245:Infinity":33,"s:240:17:240:Infinity":34,"b:241:4:244:Infinity:undefined:undefined:undefined:undefined":15,"s:241:4:244:Infinity":35,"b:242:6:243:Infinity:243:11:243:Infinity":16,"s:242:6:243:Infinity":36,"s:242:46:242:Infinity":37,"b:243:11:243:Infinity:undefined:undefined:undefined:undefined":17,"s:243:11:243:Infinity":38,"s:243:51:243:Infinity":39,"b:248:2:254:Infinity:undefined:undefined:undefined:undefined":18,"s:248:2:254:Infinity":40,"s:249:23:249:Infinity":41,"b:250:4:253:Infinity:undefined:undefined:undefined:undefined":19,"s:250:4:253:Infinity":42,"b:251:6:252:Infinity:252:11:252:Infinity":20,"s:251:6:252:Infinity":43,"s:251:52:251:Infinity":44,"b:252:11:252:Infinity:undefined:undefined:undefined:undefined":21,"s:252:11:252:Infinity":45,"s:252:57:252:Infinity":46,"s:256:2:256:Infinity":47,"f:273:16:273:30":9,"s:274:2:277:Infinity":48,"f:275:4:275:5":10,"s:275:45:275:93":49,"f:287:16:287:30":11,"s:288:2:295:Infinity":50,"f:305:16:305:31":12,"s:306:2:306:Infinity":51,"b:306:9:306:62:306:66:306:Infinity":22,"f:306:38:306:39":13,"s:306:45:306:61":52,"f:316:16:316:27":14,"s:317:2:317:Infinity":53,"b:317:9:317:29:317:33:317:Infinity":23,"f:326:16:326:30":15,"s:327:2:329:Infinity":54,"f:328:12:328:13":16,"s:328:19:328:36":55,"f:329:9:329:10":17,"s:329:46:329:76":56}}}
,"/media/seyacat/34DB216E254FA38A/oraculo/OraculoMundialista/frontend/src/lib/worldcup/data.js": {"path":"/media/seyacat/34DB216E254FA38A/oraculo/OraculoMundialista/frontend/src/lib/worldcup/data.js","statementMap":{"0":{"start":{"line":23,"column":21},"end":{"line":87,"column":null}},"1":{"start":{"line":90,"column":26},"end":{"line":90,"column":null}},"2":{"start":{"line":90,"column":51},"end":{"line":90,"column":60}},"3":{"start":{"line":98,"column":15},"end":{"line":98,"column":null}},"4":{"start":{"line":99,"column":2},"end":{"line":99,"column":null}},"5":{"start":{"line":99,"column":13},"end":{"line":99,"column":null}},"6":{"start":{"line":100,"column":2},"end":{"line":100,"column":null}},"7":{"start":{"line":121,"column":22},"end":{"line":170,"column":null}},"8":{"start":{"line":173,"column":27},"end":{"line":173,"column":null}},"9":{"start":{"line":173,"column":53},"end":{"line":173,"column":62}},"10":{"start":{"line":184,"column":33},"end":{"line":184,"column":null}},"11":{"start":{"line":186,"column":18},"end":{"line":186,"column":null}},"12":{"start":{"line":187,"column":17},"end":{"line":187,"column":null}},"13":{"start":{"line":189,"column":2},"end":{"line":201,"column":null}},"14":{"start":{"line":189,"column":15},"end":{"line":189,"column":16}},"15":{"start":{"line":190,"column":4},"end":{"line":200,"column":null}},"16":{"start":{"line":190,"column":17},"end":{"line":190,"column":22}},"17":{"start":{"line":191,"column":6},"end":{"line":199,"column":null}},"18":{"start":{"line":203,"column":2},"end":{"line":203,"column":16}},"19":{"start":{"line":211,"column":2},"end":{"line":211,"column":null}}},"fnMap":{"0":{"name":"(anonymous_0)","decl":{"start":{"line":90,"column":44},"end":{"line":90,"column":45}},"loc":{"start":{"line":90,"column":51},"end":{"line":90,"column":60}},"line":90},"1":{"name":"getTeam","decl":{"start":{"line":97,"column":16},"end":{"line":97,"column":23}},"loc":{"start":{"line":97,"column":30},"end":{"line":101,"column":null}},"line":97},"2":{"name":"(anonymous_2)","decl":{"start":{"line":173,"column":46},"end":{"line":173,"column":47}},"loc":{"start":{"line":173,"column":53},"end":{"line":173,"column":62}},"line":173},"3":{"name":"generateGroupMatches","decl":{"start":{"line":183,"column":16},"end":{"line":183,"column":36}},"loc":{"start":{"line":183,"column":44},"end":{"line":204,"column":null}},"line":183},"4":{"name":"generateAllGroupMatches","decl":{"start":{"line":210,"column":16},"end":{"line":210,"column":39}},"loc":{"start":{"line":210,"column":42},"end":{"line":212,"column":null}},"line":210}},"branchMap":{"0":{"loc":{"start":{"line":99,"column":2},"end":{"line":99,"column":null}},"type":"if","locations":[{"start":{"line":99,"column":2},"end":{"line":99,"column":null}},{"start":{},"end":{}}],"line":99}},"s":{"0":3,"1":3,"2":144,"3":146,"4":146,"5":1,"6":145,"7":3,"8":3,"9":36,"10":42,"11":42,"12":42,"13":42,"14":42,"15":126,"16":126,"17":252,"18":42,"19":3},"f":{"0":144,"1":146,"2":36,"3":42,"4":3},"b":{"0":[1,145]},"meta":{"lastBranch":1,"lastFunction":5,"lastStatement":20,"seen":{"s:23:21:87:Infinity":0,"s:90:26:90:Infinity":1,"f:90:44:90:45":0,"s:90:51:90:60":2,"f:97:16:97:23":1,"s:98:15:98:Infinity":3,"b:99:2:99:Infinity:undefined:undefined:undefined:undefined":0,"s:99:2:99:Infinity":4,"s:99:13:99:Infinity":5,"s:100:2:100:Infinity":6,"s:121:22:170:Infinity":7,"s:173:27:173:Infinity":8,"f:173:46:173:47":2,"s:173:53:173:62":9,"f:183:16:183:36":3,"s:184:33:184:Infinity":10,"s:186:18:186:Infinity":11,"s:187:17:187:Infinity":12,"s:189:2:201:Infinity":13,"s:189:15:189:16":14,"s:190:4:200:Infinity":15,"s:190:17:190:22":16,"s:191:6:199:Infinity":17,"s:203:2:203:16":18,"f:210:16:210:39":4,"s:211:2:211:Infinity":19}}}
,"/media/seyacat/34DB216E254FA38A/oraculo/OraculoMundialista/frontend/src/lib/worldcup/index.js": {"path":"/media/seyacat/34DB216E254FA38A/oraculo/OraculoMundialista/frontend/src/lib/worldcup/index.js","statementMap":{},"fnMap":{},"branchMap":{},"s":{},"f":{},"b":{},"meta":{"lastBranch":0,"lastFunction":0,"lastStatement":0,"seen":{}}}
,"/media/seyacat/34DB216E254FA38A/oraculo/OraculoMundialista/frontend/src/lib/worldcup/qualifiers.js": {"path":"/media/seyacat/34DB216E254FA38A/oraculo/OraculoMundialista/frontend/src/lib/worldcup/qualifiers.js","statementMap":{"0":{"start":{"line":38,"column":2},"end":{"line":38,"column":null}},"1":{"start":{"line":38,"column":34},"end":{"line":38,"column":78}},"2":{"start":{"line":50,"column":13},"end":{"line":50,"column":null}},"3":{"start":{"line":51,"column":13},"end":{"line":51,"column":null}},"4":{"start":{"line":54,"column":2},"end":{"line":54,"column":null}},"5":{"start":{"line":54,"column":31},"end":{"line":54,"column":null}},"6":{"start":{"line":56,"column":2},"end":{"line":56,"column":null}},"7":{"start":{"line":56,"column":47},"end":{"line":56,"column":null}},"8":{"start":{"line":58,"column":2},"end":{"line":58,"column":null}},"9":{"start":{"line":58,"column":35},"end":{"line":58,"column":null}},"10":{"start":{"line":61,"column":2},"end":{"line":61,"column":null}},"11":{"start":{"line":88,"column":23},"end":{"line":88,"column":null}},"12":{"start":{"line":90,"column":25},"end":{"line":90,"column":null}},"13":{"start":{"line":92,"column":25},"end":{"line":92,"column":null}},"14":{"start":{"line":94,"column":2},"end":{"line":107,"column":null}},"15":{"start":{"line":95,"column":20},"end":{"line":95,"column":null}},"16":{"start":{"line":96,"column":20},"end":{"line":96,"column":null}},"17":{"start":{"line":99,"column":4},"end":{"line":99,"column":null}},"18":{"start":{"line":100,"column":4},"end":{"line":100,"column":null}},"19":{"start":{"line":102,"column":4},"end":{"line":106,"column":null}},"20":{"start":{"line":110,"column":22},"end":{"line":110,"column":null}},"21":{"start":{"line":111,"column":22},"end":{"line":111,"column":null}},"22":{"start":{"line":113,"column":2},"end":{"line":113,"column":null}},"23":{"start":{"line":124,"column":56},"end":{"line":124,"column":null}},"24":{"start":{"line":125,"column":19},"end":{"line":125,"column":null}},"25":{"start":{"line":126,"column":2},"end":{"line":130,"column":null}},"26":{"start":{"line":127,"column":28},"end":{"line":127,"column":44}},"27":{"start":{"line":128,"column":28},"end":{"line":128,"column":46}},"28":{"start":{"line":129,"column":30},"end":{"line":129,"column":36}}},"fnMap":{"0":{"name":"matchesForGroup","decl":{"start":{"line":37,"column":9},"end":{"line":37,"column":24}},"loc":{"start":{"line":37,"column":46},"end":{"line":39,"column":null}},"line":37},"1":{"name":"(anonymous_1)","decl":{"start":{"line":38,"column":27},"end":{"line":38,"column":28}},"loc":{"start":{"line":38,"column":34},"end":{"line":38,"column":78}},"line":38},"2":{"name":"compareThirdPlaced","decl":{"start":{"line":49,"column":9},"end":{"line":49,"column":27}},"loc":{"start":{"line":49,"column":34},"end":{"line":62,"column":null}},"line":49},"3":{"name":"computeQualifiers","decl":{"start":{"line":86,"column":16},"end":{"line":86,"column":33}},"loc":{"start":{"line":86,"column":54},"end":{"line":114,"column":null}},"line":86},"4":{"name":"qualifiersToList","decl":{"start":{"line":123,"column":16},"end":{"line":123,"column":32}},"loc":{"start":{"line":123,"column":45},"end":{"line":131,"column":null}},"line":123},"5":{"name":"(anonymous_5)","decl":{"start":{"line":127,"column":20},"end":{"line":127,"column":21}},"loc":{"start":{"line":127,"column":28},"end":{"line":127,"column":44}},"line":127},"6":{"name":"(anonymous_6)","decl":{"start":{"line":128,"column":20},"end":{"line":128,"column":21}},"loc":{"start":{"line":128,"column":28},"end":{"line":128,"column":46}},"line":128},"7":{"name":"(anonymous_7)","decl":{"start":{"line":129,"column":23},"end":{"line":129,"column":24}},"loc":{"start":{"line":129,"column":30},"end":{"line":129,"column":36}},"line":129}},"branchMap":{"0":{"loc":{"start":{"line":38,"column":34},"end":{"line":38,"column":78}},"type":"binary-expr","locations":[{"start":{"line":38,"column":34},"end":{"line":38,"column":55}},{"start":{"line":38,"column":59},"end":{"line":38,"column":78}}],"line":38},"1":{"loc":{"start":{"line":54,"column":2},"end":{"line":54,"column":null}},"type":"if","locations":[{"start":{"line":54,"column":2},"end":{"line":54,"column":null}},{"start":{},"end":{}}],"line":54},"2":{"loc":{"start":{"line":56,"column":2},"end":{"line":56,"column":null}},"type":"if","locations":[{"start":{"line":56,"column":2},"end":{"line":56,"column":null}},{"start":{},"end":{}}],"line":56},"3":{"loc":{"start":{"line":58,"column":2},"end":{"line":58,"column":null}},"type":"if","locations":[{"start":{"line":58,"column":2},"end":{"line":58,"column":null}},{"start":{},"end":{}}],"line":58}},"s":{"0":516,"1":37152,"2":613,"3":613,"4":613,"5":1,"6":612,"7":0,"8":612,"9":0,"10":612,"11":43,"12":43,"13":43,"14":43,"15":516,"16":516,"17":516,"18":516,"19":516,"20":43,"21":43,"22":43,"23":4,"24":4,"25":4,"26":48,"27":48,"28":32},"f":{"0":516,"1":37152,"2":613,"3":43,"4":4,"5":48,"6":48,"7":32},"b":{"0":[37152,3096],"1":[1,612],"2":[0,612],"3":[0,612]},"meta":{"lastBranch":4,"lastFunction":8,"lastStatement":29,"seen":{"f:37:9:37:24":0,"s:38:2:38:Infinity":0,"f:38:27:38:28":1,"s:38:34:38:78":1,"b:38:34:38:55:38:59:38:78":0,"f:49:9:49:27":2,"s:50:13:50:Infinity":2,"s:51:13:51:Infinity":3,"b:54:2:54:Infinity:undefined:undefined:undefined:undefined":1,"s:54:2:54:Infinity":4,"s:54:31:54:Infinity":5,"b:56:2:56:Infinity:undefined:undefined:undefined:undefined":2,"s:56:2:56:Infinity":6,"s:56:47:56:Infinity":7,"b:58:2:58:Infinity:undefined:undefined:undefined:undefined":3,"s:58:2:58:Infinity":8,"s:58:35:58:Infinity":9,"s:61:2:61:Infinity":10,"f:86:16:86:33":3,"s:88:23:88:Infinity":11,"s:90:25:90:Infinity":12,"s:92:25:92:Infinity":13,"s:94:2:107:Infinity":14,"s:95:20:95:Infinity":15,"s:96:20:96:Infinity":16,"s:99:4:99:Infinity":17,"s:100:4:100:Infinity":18,"s:102:4:106:Infinity":19,"s:110:22:110:Infinity":20,"s:111:22:111:Infinity":21,"s:113:2:113:Infinity":22,"f:123:16:123:32":4,"s:124:56:124:Infinity":23,"s:125:19:125:Infinity":24,"s:126:2:130:Infinity":25,"f:127:20:127:21":5,"s:127:28:127:44":26,"f:128:20:128:21":6,"s:128:28:128:46":27,"f:129:23:129:24":7,"s:129:30:129:36":28}}}
,"/media/seyacat/34DB216E254FA38A/oraculo/OraculoMundialista/frontend/src/lib/worldcup/standings.js": {"path":"/media/seyacat/34DB216E254FA38A/oraculo/OraculoMundialista/frontend/src/lib/worldcup/standings.js","statementMap":{"0":{"start":{"line":29,"column":2},"end":{"line":39,"column":null}},"1":{"start":{"line":49,"column":2},"end":{"line":49,"column":null}},"2":{"start":{"line":49,"column":51},"end":{"line":49,"column":null}},"3":{"start":{"line":50,"column":2},"end":{"line":50,"column":null}},"4":{"start":{"line":50,"column":42},"end":{"line":50,"column":null}},"5":{"start":{"line":52,"column":25},"end":{"line":52,"column":null}},"6":{"start":{"line":53,"column":18},"end":{"line":53,"column":null}},"7":{"start":{"line":54,"column":18},"end":{"line":54,"column":null}},"8":{"start":{"line":55,"column":2},"end":{"line":55,"column":null}},"9":{"start":{"line":55,"column":28},"end":{"line":55,"column":null}},"10":{"start":{"line":57,"column":2},"end":{"line":57,"column":null}},"11":{"start":{"line":58,"column":2},"end":{"line":58,"column":null}},"12":{"start":{"line":59,"column":2},"end":{"line":59,"column":null}},"13":{"start":{"line":60,"column":2},"end":{"line":60,"column":null}},"14":{"start":{"line":61,"column":2},"end":{"line":61,"column":null}},"15":{"start":{"line":62,"column":2},"end":{"line":62,"column":null}},"16":{"start":{"line":64,"column":2},"end":{"line":77,"column":null}},"17":{"start":{"line":65,"column":4},"end":{"line":65,"column":null}},"18":{"start":{"line":66,"column":4},"end":{"line":66,"column":null}},"19":{"start":{"line":67,"column":4},"end":{"line":67,"column":null}},"20":{"start":{"line":68,"column":9},"end":{"line":77,"column":null}},"21":{"start":{"line":69,"column":4},"end":{"line":69,"column":null}},"22":{"start":{"line":70,"column":4},"end":{"line":70,"column":null}},"23":{"start":{"line":71,"column":4},"end":{"line":71,"column":null}},"24":{"start":{"line":73,"column":4},"end":{"line":73,"column":null}},"25":{"start":{"line":74,"column":4},"end":{"line":74,"column":null}},"26":{"start":{"line":75,"column":4},"end":{"line":75,"column":null}},"27":{"start":{"line":76,"column":4},"end":{"line":76,"column":null}},"28":{"start":{"line":79,"column":2},"end":{"line":79,"column":null}},"29":{"start":{"line":80,"column":2},"end":{"line":80,"column":null}},"30":{"start":{"line":93,"column":22},"end":{"line":93,"column":null}},"31":{"start":{"line":93,"column":51},"end":{"line":93,"column":55}},"32":{"start":{"line":94,"column":15},"end":{"line":94,"column":null}},"33":{"start":{"line":95,"column":11},"end":{"line":95,"column":null}},"34":{"start":{"line":96,"column":11},"end":{"line":96,"column":null}},"35":{"start":{"line":98,"column":2},"end":{"line":117,"column":null}},"36":{"start":{"line":99,"column":4},"end":{"line":99,"column":null}},"37":{"start":{"line":99,"column":53},"end":{"line":99,"column":null}},"38":{"start":{"line":101,"column":19},"end":{"line":101,"column":null}},"39":{"start":{"line":102,"column":19},"end":{"line":102,"column":null}},"40":{"start":{"line":103,"column":4},"end":{"line":103,"column":null}},"41":{"start":{"line":103,"column":28},"end":{"line":103,"column":null}},"42":{"start":{"line":105,"column":23},"end":{"line":105,"column":null}},"43":{"start":{"line":106,"column":4},"end":{"line":106,"column":null}},"44":{"start":{"line":106,"column":53},"end":{"line":106,"column":null}},"45":{"start":{"line":108,"column":27},"end":{"line":108,"column":null}},"46":{"start":{"line":109,"column":16},"end":{"line":109,"column":null}},"47":{"start":{"line":110,"column":16},"end":{"line":110,"column":null}},"48":{"start":{"line":112,"column":4},"end":{"line":112,"column":null}},"49":{"start":{"line":113,"column":4},"end":{"line":113,"column":null}},"50":{"start":{"line":115,"column":4},"end":{"line":116,"column":null}},"51":{"start":{"line":115,"column":19},"end":{"line":115,"column":null}},"52":{"start":{"line":116,"column":9},"end":{"line":116,"column":null}},"53":{"start":{"line":116,"column":26},"end":{"line":116,"column":null}},"54":{"start":{"line":119,"column":2},"end":{"line":119,"column":null}},"55":{"start":{"line":138,"column":20},"end":{"line":138,"column":null}},"56":{"start":{"line":138,"column":45},"end":{"line":138,"column":67}},"57":{"start":{"line":140,"column":2},"end":{"line":142,"column":null}},"58":{"start":{"line":141,"column":4},"end":{"line":141,"column":null}},"59":{"start":{"line":144,"column":2},"end":{"line":144,"column":null}},"60":{"start":{"line":144,"column":54},"end":{"line":144,"column":73}},"61":{"start":{"line":163,"column":17},"end":{"line":177,"column":null}},"62":{"start":{"line":164,"column":4},"end":{"line":164,"column":null}},"63":{"start":{"line":164,"column":39},"end":{"line":164,"column":null}},"64":{"start":{"line":165,"column":4},"end":{"line":165,"column":null}},"65":{"start":{"line":165,"column":47},"end":{"line":165,"column":null}},"66":{"start":{"line":166,"column":4},"end":{"line":166,"column":null}},"67":{"start":{"line":166,"column":39},"end":{"line":166,"column":null}},"68":{"start":{"line":169,"column":17},"end":{"line":169,"column":null}},"69":{"start":{"line":170,"column":17},"end":{"line":170,"column":null}},"70":{"start":{"line":171,"column":4},"end":{"line":171,"column":null}},"71":{"start":{"line":171,"column":39},"end":{"line":171,"column":null}},"72":{"start":{"line":172,"column":4},"end":{"line":172,"column":null}},"73":{"start":{"line":172,"column":39},"end":{"line":172,"column":null}},"74":{"start":{"line":173,"column":4},"end":{"line":173,"column":null}},"75":{"start":{"line":173,"column":39},"end":{"line":173,"column":null}},"76":{"start":{"line":176,"column":4},"end":{"line":176,"column":null}},"77":{"start":{"line":180,"column":2},"end":{"line":180,"column":null}},"78":{"start":{"line":180,"column":31},"end":{"line":180,"column":56}},"79":{"start":{"line":200,"column":14},"end":{"line":200,"column":null}},"80":{"start":{"line":201,"column":2},"end":{"line":201,"column":null}}},"fnMap":{"0":{"name":"emptyRecord","decl":{"start":{"line":28,"column":9},"end":{"line":28,"column":20}},"loc":{"start":{"line":28,"column":27},"end":{"line":40,"column":null}},"line":28},"1":{"name":"accumulateMatch","decl":{"start":{"line":48,"column":9},"end":{"line":48,"column":24}},"loc":{"start":{"line":48,"column":43},"end":{"line":81,"column":null}},"line":48},"2":{"name":"headToHeadStats","decl":{"start":{"line":92,"column":9},"end":{"line":92,"column":24}},"loc":{"start":{"line":92,"column":60},"end":{"line":120,"column":null}},"line":92},"3":{"name":"(anonymous_3)","decl":{"start":{"line":93,"column":44},"end":{"line":93,"column":45}},"loc":{"start":{"line":93,"column":51},"end":{"line":93,"column":55}},"line":93},"4":{"name":"computeRawStandings","decl":{"start":{"line":136,"column":16},"end":{"line":136,"column":35}},"loc":{"start":{"line":136,"column":57},"end":{"line":145,"column":null}},"line":136},"5":{"name":"(anonymous_5)","decl":{"start":{"line":138,"column":38},"end":{"line":138,"column":39}},"loc":{"start":{"line":138,"column":45},"end":{"line":138,"column":67}},"line":138},"6":{"name":"(anonymous_6)","decl":{"start":{"line":144,"column":19},"end":{"line":144,"column":20}},"loc":{"start":{"line":144,"column":54},"end":{"line":144,"column":73}},"line":144},"7":{"name":"sortGroupStandings","decl":{"start":{"line":158,"column":16},"end":{"line":158,"column":34}},"loc":{"start":{"line":158,"column":58},"end":{"line":181,"column":null}},"line":158},"8":{"name":"(anonymous_8)","decl":{"start":{"line":163,"column":35},"end":{"line":163,"column":36}},"loc":{"start":{"line":163,"column":45},"end":{"line":177,"column":3}},"line":163},"9":{"name":"(anonymous_9)","decl":{"start":{"line":180,"column":20},"end":{"line":180,"column":21}},"loc":{"start":{"line":180,"column":31},"end":{"line":180,"column":56}},"line":180},"10":{"name":"groupStanding","decl":{"start":{"line":199,"column":16},"end":{"line":199,"column":29}},"loc":{"start":{"line":199,"column":51},"end":{"line":202,"column":null}},"line":199}},"branchMap":{"0":{"loc":{"start":{"line":49,"column":2},"end":{"line":49,"column":null}},"type":"if","locations":[{"start":{"line":49,"column":2},"end":{"line":49,"column":null}},{"start":{},"end":{}}],"line":49},"1":{"loc":{"start":{"line":49,"column":6},"end":{"line":49,"column":49}},"type":"binary-expr","locations":[{"start":{"line":49,"column":6},"end":{"line":49,"column":33}},{"start":{"line":49,"column":37},"end":{"line":49,"column":49}}],"line":49},"2":{"loc":{"start":{"line":50,"column":2},"end":{"line":50,"column":null}},"type":"if","locations":[{"start":{"line":50,"column":2},"end":{"line":50,"column":null}},{"start":{},"end":{}}],"line":50},"3":{"loc":{"start":{"line":50,"column":6},"end":{"line":50,"column":40}},"type":"binary-expr","locations":[{"start":{"line":50,"column":6},"end":{"line":50,"column":21}},{"start":{"line":50,"column":25},"end":{"line":50,"column":40}}],"line":50},"4":{"loc":{"start":{"line":55,"column":2},"end":{"line":55,"column":null}},"type":"if","locations":[{"start":{"line":55,"column":2},"end":{"line":55,"column":null}},{"start":{},"end":{}}],"line":55},"5":{"loc":{"start":{"line":55,"column":6},"end":{"line":55,"column":26}},"type":"binary-expr","locations":[{"start":{"line":55,"column":6},"end":{"line":55,"column":14}},{"start":{"line":55,"column":18},"end":{"line":55,"column":26}}],"line":55},"6":{"loc":{"start":{"line":64,"column":2},"end":{"line":77,"column":null}},"type":"if","locations":[{"start":{"line":64,"column":2},"end":{"line":77,"column":null}},{"start":{"line":68,"column":9},"end":{"line":77,"column":null}}],"line":64},"7":{"loc":{"start":{"line":68,"column":9},"end":{"line":77,"column":null}},"type":"if","locations":[{"start":{"line":68,"column":9},"end":{"line":77,"column":null}},{"start":{"line":72,"column":9},"end":{"line":77,"column":null}}],"line":68},"8":{"loc":{"start":{"line":99,"column":4},"end":{"line":99,"column":null}},"type":"if","locations":[{"start":{"line":99,"column":4},"end":{"line":99,"column":null}},{"start":{},"end":{}}],"line":99},"9":{"loc":{"start":{"line":99,"column":8},"end":{"line":99,"column":51}},"type":"binary-expr","locations":[{"start":{"line":99,"column":8},"end":{"line":99,"column":35}},{"start":{"line":99,"column":39},"end":{"line":99,"column":51}}],"line":99},"10":{"loc":{"start":{"line":103,"column":4},"end":{"line":103,"column":null}},"type":"if","locations":[{"start":{"line":103,"column":4},"end":{"line":103,"column":null}},{"start":{},"end":{}}],"line":103},"11":{"loc":{"start":{"line":103,"column":8},"end":{"line":103,"column":26}},"type":"binary-expr","locations":[{"start":{"line":103,"column":8},"end":{"line":103,"column":15}},{"start":{"line":103,"column":19},"end":{"line":103,"column":26}}],"line":103},"12":{"loc":{"start":{"line":105,"column":23},"end":{"line":105,"column":null}},"type":"cond-expr","locations":[{"start":{"line":105,"column":32},"end":{"line":105,"column":50}},{"start":{"line":105,"column":53},"end":{"line":105,"column":null}}],"line":105},"13":{"loc":{"start":{"line":106,"column":4},"end":{"line":106,"column":null}},"type":"if","locations":[{"start":{"line":106,"column":4},"end":{"line":106,"column":null}},{"start":{},"end":{}}],"line":106},"14":{"loc":{"start":{"line":106,"column":8},"end":{"line":106,"column":51}},"type":"binary-expr","locations":[{"start":{"line":106,"column":8},"end":{"line":106,"column":19}},{"start":{"line":106,"column":23},"end":{"line":106,"column":51}}],"line":106},"15":{"loc":{"start":{"line":109,"column":16},"end":{"line":109,"column":null}},"type":"cond-expr","locations":[{"start":{"line":109,"column":25},"end":{"line":109,"column":29}},{"start":{"line":109,"column":32},"end":{"line":109,"column":null}}],"line":109},"16":{"loc":{"start":{"line":110,"column":16},"end":{"line":110,"column":null}},"type":"cond-expr","locations":[{"start":{"line":110,"column":25},"end":{"line":110,"column":29}},{"start":{"line":110,"column":32},"end":{"line":110,"column":null}}],"line":110},"17":{"loc":{"start":{"line":115,"column":4},"end":{"line":116,"column":null}},"type":"if","locations":[{"start":{"line":115,"column":4},"end":{"line":116,"column":null}},{"start":{"line":116,"column":9},"end":{"line":116,"column":null}}],"line":115},"18":{"loc":{"start":{"line":116,"column":9},"end":{"line":116,"column":null}},"type":"if","locations":[{"start":{"line":116,"column":9},"end":{"line":116,"column":null}},{"start":{},"end":{}}],"line":116},"19":{"loc":{"start":{"line":164,"column":4},"end":{"line":164,"column":null}},"type":"if","locations":[{"start":{"line":164,"column":4},"end":{"line":164,"column":null}},{"start":{},"end":{}}],"line":164},"20":{"loc":{"start":{"line":165,"column":4},"end":{"line":165,"column":null}},"type":"if","locations":[{"start":{"line":165,"column":4},"end":{"line":165,"column":null}},{"start":{},"end":{}}],"line":165},"21":{"loc":{"start":{"line":166,"column":4},"end":{"line":166,"column":null}},"type":"if","locations":[{"start":{"line":166,"column":4},"end":{"line":166,"column":null}},{"start":{},"end":{}}],"line":166},"22":{"loc":{"start":{"line":171,"column":4},"end":{"line":171,"column":null}},"type":"if","locations":[{"start":{"line":171,"column":4},"end":{"line":171,"column":null}},{"start":{},"end":{}}],"line":171},"23":{"loc":{"start":{"line":172,"column":4},"end":{"line":172,"column":null}},"type":"if","locations":[{"start":{"line":172,"column":4},"end":{"line":172,"column":null}},{"start":{},"end":{}}],"line":172},"24":{"loc":{"start":{"line":173,"column":4},"end":{"line":173,"column":null}},"type":"if","locations":[{"start":{"line":173,"column":4},"end":{"line":173,"column":null}},{"start":{},"end":{}}],"line":173}},"s":{"0":2112,"1":3137,"2":2,"3":3135,"4":0,"5":3135,"6":3135,"7":3135,"8":3135,"9":0,"10":3135,"11":3135,"12":3135,"13":3135,"14":3135,"15":3135,"16":3135,"17":3115,"18":3115,"19":3115,"20":20,"21":3,"22":3,"23":3,"24":17,"25":17,"26":17,"27":17,"28":3135,"29":3135,"30":30,"31":30,"32":30,"33":30,"34":30,"35":30,"36":84,"37":0,"38":84,"39":84,"40":84,"41":42,"42":42,"43":84,"44":30,"45":12,"46":12,"47":84,"48":84,"49":84,"50":84,"51":1,"52":11,"53":10,"54":30,"55":528,"56":2112,"57":528,"58":3137,"59":528,"60":2112,"61":524,"62":2097,"63":2074,"64":23,"65":6,"66":17,"67":2,"68":15,"69":15,"70":15,"71":1,"72":14,"73":0,"74":14,"75":0,"76":14,"77":524,"78":2096,"79":524,"80":524},"f":{"0":2112,"1":3137,"2":30,"3":30,"4":528,"5":2112,"6":2112,"7":524,"8":2097,"9":2096,"10":524},"b":{"0":[2,3135],"1":[3137,3135],"2":[0,3135],"3":[3135,3135],"4":[0,3135],"5":[3135,3135],"6":[3115,20],"7":[3,17],"8":[0,84],"9":[84,84],"10":[42,42],"11":[84,63],"12":[21,21],"13":[30,54],"14":[84,42],"15":[6,6],"16":[6,6],"17":[1,11],"18":[10,1],"19":[2074,23],"20":[6,17],"21":[2,15],"22":[1,14],"23":[0,14],"24":[0,14]},"meta":{"lastBranch":25,"lastFunction":11,"lastStatement":81,"seen":{"f:28:9:28:20":0,"s:29:2:39:Infinity":0,"f:48:9:48:24":1,"b:49:2:49:Infinity:undefined:undefined:undefined:undefined":0,"s:49:2:49:Infinity":1,"b:49:6:49:33:49:37:49:49":1,"s:49:51:49:Infinity":2,"b:50:2:50:Infinity:undefined:undefined:undefined:undefined":2,"s:50:2:50:Infinity":3,"b:50:6:50:21:50:25:50:40":3,"s:50:42:50:Infinity":4,"s:52:25:52:Infinity":5,"s:53:18:53:Infinity":6,"s:54:18:54:Infinity":7,"b:55:2:55:Infinity:undefined:undefined:undefined:undefined":4,"s:55:2:55:Infinity":8,"b:55:6:55:14:55:18:55:26":5,"s:55:28:55:Infinity":9,"s:57:2:57:Infinity":10,"s:58:2:58:Infinity":11,"s:59:2:59:Infinity":12,"s:60:2:60:Infinity":13,"s:61:2:61:Infinity":14,"s:62:2:62:Infinity":15,"b:64:2:77:Infinity:68:9:77:Infinity":6,"s:64:2:77:Infinity":16,"s:65:4:65:Infinity":17,"s:66:4:66:Infinity":18,"s:67:4:67:Infinity":19,"b:68:9:77:Infinity:72:9:77:Infinity":7,"s:68:9:77:Infinity":20,"s:69:4:69:Infinity":21,"s:70:4:70:Infinity":22,"s:71:4:71:Infinity":23,"s:73:4:73:Infinity":24,"s:74:4:74:Infinity":25,"s:75:4:75:Infinity":26,"s:76:4:76:Infinity":27,"s:79:2:79:Infinity":28,"s:80:2:80:Infinity":29,"f:92:9:92:24":2,"s:93:22:93:Infinity":30,"f:93:44:93:45":3,"s:93:51:93:55":31,"s:94:15:94:Infinity":32,"s:95:11:95:Infinity":33,"s:96:11:96:Infinity":34,"s:98:2:117:Infinity":35,"b:99:4:99:Infinity:undefined:undefined:undefined:undefined":8,"s:99:4:99:Infinity":36,"b:99:8:99:35:99:39:99:51":9,"s:99:53:99:Infinity":37,"s:101:19:101:Infinity":38,"s:102:19:102:Infinity":39,"b:103:4:103:Infinity:undefined:undefined:undefined:undefined":10,"s:103:4:103:Infinity":40,"b:103:8:103:15:103:19:103:26":11,"s:103:28:103:Infinity":41,"s:105:23:105:Infinity":42,"b:105:32:105:50:105:53:105:Infinity":12,"b:106:4:106:Infinity:undefined:undefined:undefined:undefined":13,"s:106:4:106:Infinity":43,"b:106:8:106:19:106:23:106:51":14,"s:106:53:106:Infinity":44,"s:108:27:108:Infinity":45,"s:109:16:109:Infinity":46,"b:109:25:109:29:109:32:109:Infinity":15,"s:110:16:110:Infinity":47,"b:110:25:110:29:110:32:110:Infinity":16,"s:112:4:112:Infinity":48,"s:113:4:113:Infinity":49,"b:115:4:116:Infinity:116:9:116:Infinity":17,"s:115:4:116:Infinity":50,"s:115:19:115:Infinity":51,"b:116:9:116:Infinity:undefined:undefined:undefined:undefined":18,"s:116:9:116:Infinity":52,"s:116:26:116:Infinity":53,"s:119:2:119:Infinity":54,"f:136:16:136:35":4,"s:138:20:138:Infinity":55,"f:138:38:138:39":5,"s:138:45:138:67":56,"s:140:2:142:Infinity":57,"s:141:4:141:Infinity":58,"s:144:2:144:Infinity":59,"f:144:19:144:20":6,"s:144:54:144:73":60,"f:158:16:158:34":7,"s:163:17:177:Infinity":61,"f:163:35:163:36":8,"b:164:4:164:Infinity:undefined:undefined:undefined:undefined":19,"s:164:4:164:Infinity":62,"s:164:39:164:Infinity":63,"b:165:4:165:Infinity:undefined:undefined:undefined:undefined":20,"s:165:4:165:Infinity":64,"s:165:47:165:Infinity":65,"b:166:4:166:Infinity:undefined:undefined:undefined:undefined":21,"s:166:4:166:Infinity":66,"s:166:39:166:Infinity":67,"s:169:17:169:Infinity":68,"s:170:17:170:Infinity":69,"b:171:4:171:Infinity:undefined:undefined:undefined:undefined":22,"s:171:4:171:Infinity":70,"s:171:39:171:Infinity":71,"b:172:4:172:Infinity:undefined:undefined:undefined:undefined":23,"s:172:4:172:Infinity":72,"s:172:39:172:Infinity":73,"b:173:4:173:Infinity:undefined:undefined:undefined:undefined":24,"s:173:4:173:Infinity":74,"s:173:39:173:Infinity":75,"s:176:4:176:Infinity":76,"s:180:2:180:Infinity":77,"f:180:20:180:21":9,"s:180:31:180:56":78,"f:199:16:199:29":10,"s:200:14:200:Infinity":79,"s:201:2:201:Infinity":80}}}
,"/media/seyacat/34DB216E254FA38A/oraculo/OraculoMundialista/frontend/src/lib/worldcup/types.js": {"path":"/media/seyacat/34DB216E254FA38A/oraculo/OraculoMundialista/frontend/src/lib/worldcup/types.js","statementMap":{},"fnMap":{},"branchMap":{},"s":{},"f":{},"b":{},"meta":{"lastBranch":0,"lastFunction":0,"lastStatement":0,"seen":{}}}
}
